<?xml version="1.0" encoding="UTF-8"?>
<testsuite name="models.GeneralNewsTest" tests="2" skipped="0" failures="0" errors="0" timestamp="2020-11-05T21:08:08" hostname="hp-elitebook-folio-1040-g2" time="0.011">
  <properties/>
  <testcase name="addNews_getAllNews" classname="models.GeneralNewsTest" time="0.003"/>
  <testcase name="addNews_getNewsTitle" classname="models.GeneralNewsTest" time="0.0"/>
  <system-out><![CDATA[]]></system-out>
  <system-err><![CDATA[]]></system-err>
</testsuite>
